#
# There is insufficient memory for the Java Runtime Environment to continue.
# Native memory allocation (malloc) failed to allocate 32744 bytes for ChunkPool::allocate
# Possible reasons:
#   The system is out of physical RAM or swap space
#   The process is running with CompressedOops enabled, and the Java Heap may be blocking the growth of the native heap
# Possible solutions:
#   Reduce memory load on the system
#   Increase physical memory or swap space
#   Check if swap backing store is full
#   Decrease Java heap size (-Xmx/-Xms)
#   Decrease number of Java threads
#   Decrease Java thread stack sizes (-Xss)
#   Set larger code cache with -XX:ReservedCodeCacheSize=
#   JVM is running with Zero Based Compressed Oops mode in which the Java heap is
#     placed in the first 32GB address space. The Java Heap base address is the
#     maximum limit for the native heap growth. Please use -XX:HeapBaseMinAddress
#     to set the Java Heap base and to place the Java Heap above 32GB virtual address.
# This output file may be truncated or incomplete.
#
#  Out of Memory Error (arena.cpp:78), pid=29960, tid=19608
#
# JRE version: Java(TM) SE Runtime Environment (17.0.1+12) (build 17.0.1+12-LTS-39)
# Java VM: Java HotSpot(TM) 64-Bit Server VM (17.0.1+12-LTS-39, mixed mode, sharing, tiered, compressed oops, compressed class ptrs, g1 gc, windows-amd64)
# No core dump will be written. Minidumps are not enabled by default on client versions of Windows
#

---------------  S U M M A R Y ------------

Command Line: -XX:+ShowCodeDetailsInExceptionMessages BuzzerBeater.Main

Host: 11th Gen Intel(R) Core(TM) i5-1135G7 @ 2.40GHz, 8 cores, 15G,  Windows 10 , 64 bit Build 19041 (10.0.19041.2546)
Time: Wed Apr  5 11:27:11 2023 Pacific Daylight Time elapsed time: 119.105819 seconds (0d 0h 1m 59s)

---------------  T H R E A D  ---------------

Current thread (0x000001e77f506fd0):  JavaThread "C2 CompilerThread0" daemon [_thread_in_native, id=19608, stack(0x0000002e20500000,0x0000002e20600000)]


Current CompileTask:
C2: 119105 2626   !   4       javax.swing.JComponent::_paintImmediately (891 bytes)

Stack: [0x0000002e20500000,0x0000002e20600000]
Native frames: (J=compiled Java code, j=interpreted, Vv=VM code, C=native code)
V  [jvm.dll+0x66fa1a]
V  [jvm.dll+0x7ce5a4]
V  [jvm.dll+0x7cfd4e]
V  [jvm.dll+0x7d03b3]
V  [jvm.dll+0x242b05]
V  [jvm.dll+0xaa2a0]
V  [jvm.dll+0xaa5ec]
V  [jvm.dll+0x33d3f8]
V  [jvm.dll+0x345949]
V  [jvm.dll+0x1a52f7]
V  [jvm.dll+0x2a8714]
V  [jvm.dll+0x687ddb]
V  [jvm.dll+0x67fddb]
V  [jvm.dll+0x67f417]
V  [jvm.dll+0x67d312]
V  [jvm.dll+0x1a483c]
V  [jvm.dll+0x1a5406]
V  [jvm.dll+0x2a8714]
V  [jvm.dll+0x687ddb]
V  [jvm.dll+0x67fddb]
V  [jvm.dll+0x67f417]
V  [jvm.dll+0x67d312]
V  [jvm.dll+0x1a483c]
V  [jvm.dll+0x214c18]
V  [jvm.dll+0x1a168d]
V  [jvm.dll+0x224848]
V  [jvm.dll+0x2229ac]
V  [jvm.dll+0x78435b]
V  [jvm.dll+0x77e91a]
V  [jvm.dll+0x66e845]
C  [ucrtbase.dll+0x21bb2]
C  [KERNEL32.DLL+0x17614]
C  [ntdll.dll+0x526a1]


---------------  P R O C E S S  ---------------

Threads class SMR info:
_java_thread_list=0x000001e709a4be30, length=16, elements={
0x000001e77f4ef060, 0x000001e77f4efc10, 0x000001e77f506260, 0x000001e708820090,
0x000001e708820650, 0x000001e708821000, 0x000001e77f506fd0, 0x000001e77f51a640,
0x000001e77f51b720, 0x000001e708957b90, 0x000001e708968520, 0x000001e708993c20,
0x000001e708993280, 0x000001e7089945c0, 0x000001e708995900, 0x000001e708993750
}

Java Threads: ( => current thread )
  0x000001e77f4ef060 JavaThread "Reference Handler" daemon [_thread_blocked, id=23836, stack(0x0000002e1ff00000,0x0000002e20000000)]
  0x000001e77f4efc10 JavaThread "Finalizer" daemon [_thread_blocked, id=18244, stack(0x0000002e20000000,0x0000002e20100000)]
  0x000001e77f506260 JavaThread "Signal Dispatcher" daemon [_thread_blocked, id=25056, stack(0x0000002e20100000,0x0000002e20200000)]
  0x000001e708820090 JavaThread "Attach Listener" daemon [_thread_blocked, id=22544, stack(0x0000002e20200000,0x0000002e20300000)]
  0x000001e708820650 JavaThread "Service Thread" daemon [_thread_blocked, id=29012, stack(0x0000002e20300000,0x0000002e20400000)]
  0x000001e708821000 JavaThread "Monitor Deflation Thread" daemon [_thread_blocked, id=25768, stack(0x0000002e20400000,0x0000002e20500000)]
=>0x000001e77f506fd0 JavaThread "C2 CompilerThread0" daemon [_thread_in_native, id=19608, stack(0x0000002e20500000,0x0000002e20600000)]
  0x000001e77f51a640 JavaThread "C1 CompilerThread0" daemon [_thread_blocked, id=15696, stack(0x0000002e20600000,0x0000002e20700000)]
  0x000001e77f51b720 JavaThread "Sweeper thread" daemon [_thread_blocked, id=31268, stack(0x0000002e20700000,0x0000002e20800000)]
  0x000001e708957b90 JavaThread "Notification Thread" daemon [_thread_blocked, id=16992, stack(0x0000002e20800000,0x0000002e20900000)]
  0x000001e708968520 JavaThread "Common-Cleaner" daemon [_thread_blocked, id=12684, stack(0x0000002e20a00000,0x0000002e20b00000)]
  0x000001e708993c20 JavaThread "Java2D Disposer" daemon [_thread_blocked, id=27604, stack(0x0000002e20b00000,0x0000002e20c00000)]
  0x000001e708993280 JavaThread "AWT-Shutdown" [_thread_blocked, id=17264, stack(0x0000002e20c00000,0x0000002e20d00000)]
  0x000001e7089945c0 JavaThread "AWT-Windows" daemon [_thread_in_native, id=29564, stack(0x0000002e20d00000,0x0000002e20e00000)]
  0x000001e708995900 JavaThread "AWT-EventQueue-0" [_thread_in_native, id=32248, stack(0x0000002e20e00000,0x0000002e20f00000)]
  0x000001e708993750 JavaThread "DestroyJavaVM" [_thread_blocked, id=17636, stack(0x0000002e1f800000,0x0000002e1f900000)]

Other Threads:
  0x000001e77f4e9df0 VMThread "VM Thread" [stack: 0x0000002e1fe00000,0x0000002e1ff00000] [id=23776]
  0x000001e76285a5a0 WatcherThread [stack: 0x0000002e20900000,0x0000002e20a00000] [id=30992]
  0x000001e762841410 GCTaskThread "GC Thread#0" [stack: 0x0000002e1f900000,0x0000002e1fa00000] [id=31672]
  0x000001e70993c840 GCTaskThread "GC Thread#1" [stack: 0x0000002e20f00000,0x0000002e21000000] [id=26876]
  0x000001e70993caf0 GCTaskThread "GC Thread#2" [stack: 0x0000002e21000000,0x0000002e21100000] [id=25484]
  0x000001e70994f6d0 GCTaskThread "GC Thread#3" [stack: 0x0000002e21100000,0x0000002e21200000] [id=10828]
  0x000001e70994f980 GCTaskThread "GC Thread#4" [stack: 0x0000002e21200000,0x0000002e21300000] [id=34636]
  0x000001e70994fc30 GCTaskThread "GC Thread#5" [stack: 0x0000002e21300000,0x0000002e21400000] [id=7324]
  0x000001e709706fb0 GCTaskThread "GC Thread#6" [stack: 0x0000002e21400000,0x0000002e21500000] [id=13820]
  0x000001e709a46e30 GCTaskThread "GC Thread#7" [stack: 0x0000002e21500000,0x0000002e21600000] [id=13948]
  0x000001e762851e80 ConcurrentGCThread "G1 Main Marker" [stack: 0x0000002e1fa00000,0x0000002e1fb00000] [id=11520]
  0x000001e762852730 ConcurrentGCThread "G1 Conc#0" [stack: 0x0000002e1fb00000,0x0000002e1fc00000] [id=14832]
  0x000001e77f3a34e0 ConcurrentGCThread "G1 Refine#0" [stack: 0x0000002e1fc00000,0x0000002e1fd00000] [id=27540]
  0x000001e7628cd380 ConcurrentGCThread "G1 Service" [stack: 0x0000002e1fd00000,0x0000002e1fe00000] [id=16036]

Threads with active compile tasks:
C2 CompilerThread0   119131 2626   !   4       javax.swing.JComponent::_paintImmediately (891 bytes)

VM state: not at safepoint (normal execution)

VM Mutex/Monitor currently owned by a thread: None

Heap address: 0x0000000703600000, size: 4042 MB, Compressed Oops mode: Zero based, Oop shift amount: 3

CDS archive(s) mapped at: [0x0000000800000000-0x0000000800bc0000-0x0000000800bc0000), size 12320768, SharedBaseAddress: 0x0000000800000000, ArchiveRelocationMode: 0.
Compressed class space mapped at: 0x0000000800c00000-0x0000000840c00000, reserved size: 1073741824
Narrow klass base: 0x0000000800000000, Narrow klass shift: 0, Narrow klass range: 0x100000000

GC Precious Log:
 CPUs: 8 total, 8 available
 Memory: 16167M
 Large Page Support: Disabled
 NUMA Support: Disabled
 Compressed Oops: Enabled (Zero based)
 Heap Region Size: 2M
 Heap Min Capacity: 8M
 Heap Initial Capacity: 254M
 Heap Max Capacity: 4042M
 Pre-touch: Disabled
 Parallel Workers: 8
 Concurrent Workers: 2
 Concurrent Refinement Workers: 8
 Periodic GC: Disabled

Heap:
 garbage-first heap   total 520192K, used 235835K [0x0000000703600000, 0x0000000800000000)
  region size 2048K, 28 young (57344K), 1 survivors (2048K)
 Metaspace       used 9208K, committed 9472K, reserved 1064960K
  class space    used 881K, committed 1024K, reserved 1048576K

Heap Regions: E=young(eden), S=young(survivor), O=old, HS=humongous(starts), HC=humongous(continues), CS=collection set, F=free, OA=open archive, CA=closed archive, TAMS=top-at-mark-start (previous, next)
|   0|0x0000000703600000, 0x0000000703800000, 0x0000000703800000|100%|HS|  |TAMS 0x0000000703600000, 0x0000000703800000| Complete 
|   1|0x0000000703800000, 0x0000000703a00000, 0x0000000703a00000|100%|HC|  |TAMS 0x0000000703800000, 0x0000000703a00000| Complete 
|   2|0x0000000703a00000, 0x0000000703c00000, 0x0000000703c00000|100%|HC|  |TAMS 0x0000000703a00000, 0x0000000703c00000| Complete 
|   3|0x0000000703c00000, 0x0000000703e00000, 0x0000000703e00000|100%|HC|  |TAMS 0x0000000703c00000, 0x0000000703e00000| Complete 
|   4|0x0000000703e00000, 0x0000000704000000, 0x0000000704000000|100%|HS|  |TAMS 0x0000000703e00000, 0x0000000703e00000| Complete 
|   5|0x0000000704000000, 0x0000000704200000, 0x0000000704200000|100%|HC|  |TAMS 0x0000000704000000, 0x0000000704000000| Complete 
|   6|0x0000000704200000, 0x0000000704400000, 0x0000000704400000|100%|HC|  |TAMS 0x0000000704200000, 0x0000000704200000| Complete 
|   7|0x0000000704400000, 0x0000000704600000, 0x0000000704600000|100%|HS|  |TAMS 0x0000000704400000, 0x0000000704400000| Complete 
|   8|0x0000000704600000, 0x0000000704800000, 0x0000000704800000|100%|HC|  |TAMS 0x0000000704600000, 0x0000000704600000| Complete 
|   9|0x0000000704800000, 0x0000000704a00000, 0x0000000704a00000|100%|HC|  |TAMS 0x0000000704800000, 0x0000000704800000| Complete 
|  10|0x0000000704a00000, 0x0000000704c00000, 0x0000000704c00000|100%|HS|  |TAMS 0x0000000704a00000, 0x0000000704a00000| Complete 
|  11|0x0000000704c00000, 0x0000000704e00000, 0x0000000704e00000|100%|HC|  |TAMS 0x0000000704c00000, 0x0000000704c00000| Complete 
|  12|0x0000000704e00000, 0x0000000705000000, 0x0000000705000000|100%|HC|  |TAMS 0x0000000704e00000, 0x0000000704e00000| Complete 
|  13|0x0000000705000000, 0x0000000705200000, 0x0000000705200000|100%|HS|  |TAMS 0x0000000705000000, 0x0000000705000000| Complete 
|  14|0x0000000705200000, 0x0000000705400000, 0x0000000705400000|100%|HC|  |TAMS 0x0000000705200000, 0x0000000705200000| Complete 
|  15|0x0000000705400000, 0x0000000705600000, 0x0000000705600000|100%|HC|  |TAMS 0x0000000705400000, 0x0000000705400000| Complete 
|  16|0x0000000705600000, 0x0000000705800000, 0x0000000705800000|100%|HS|  |TAMS 0x0000000705600000, 0x0000000705600000| Complete 
|  17|0x0000000705800000, 0x0000000705a00000, 0x0000000705a00000|100%|HC|  |TAMS 0x0000000705800000, 0x0000000705800000| Complete 
|  18|0x0000000705a00000, 0x0000000705c00000, 0x0000000705c00000|100%|HC|  |TAMS 0x0000000705a00000, 0x0000000705a00000| Complete 
|  19|0x0000000705c00000, 0x0000000705e00000, 0x0000000705e00000|100%|HS|  |TAMS 0x0000000705c00000, 0x0000000705c00000| Complete 
|  20|0x0000000705e00000, 0x0000000706000000, 0x0000000706000000|100%|HC|  |TAMS 0x0000000705e00000, 0x0000000705e00000| Complete 
|  21|0x0000000706000000, 0x0000000706200000, 0x0000000706200000|100%|HC|  |TAMS 0x0000000706000000, 0x0000000706000000| Complete 
|  22|0x0000000706200000, 0x0000000706400000, 0x0000000706400000|100%|HS|  |TAMS 0x0000000706200000, 0x0000000706200000| Complete 
|  23|0x0000000706400000, 0x0000000706600000, 0x0000000706600000|100%|HC|  |TAMS 0x0000000706400000, 0x0000000706400000| Complete 
|  24|0x0000000706600000, 0x0000000706800000, 0x0000000706800000|100%|HC|  |TAMS 0x0000000706600000, 0x0000000706600000| Complete 
|  25|0x0000000706800000, 0x0000000706a00000, 0x0000000706a00000|100%|HS|  |TAMS 0x0000000706800000, 0x0000000706800000| Complete 
|  26|0x0000000706a00000, 0x0000000706c00000, 0x0000000706c00000|100%|HC|  |TAMS 0x0000000706a00000, 0x0000000706a00000| Complete 
|  27|0x0000000706c00000, 0x0000000706e00000, 0x0000000706e00000|100%|HC|  |TAMS 0x0000000706c00000, 0x0000000706c00000| Complete 
|  28|0x0000000706e00000, 0x0000000707000000, 0x0000000707000000|100%|HS|  |TAMS 0x0000000706e00000, 0x0000000706e00000| Complete 
|  29|0x0000000707000000, 0x0000000707200000, 0x0000000707200000|100%|HC|  |TAMS 0x0000000707000000, 0x0000000707000000| Complete 
|  30|0x0000000707200000, 0x0000000707400000, 0x0000000707400000|100%|HC|  |TAMS 0x0000000707200000, 0x0000000707200000| Complete 
|  31|0x0000000707400000, 0x0000000707400000, 0x0000000707600000|  0%| F|  |TAMS 0x0000000707400000, 0x0000000707400000| Untracked 
|  32|0x0000000707600000, 0x0000000707600000, 0x0000000707800000|  0%| F|  |TAMS 0x0000000707600000, 0x0000000707600000| Untracked 
|  33|0x0000000707800000, 0x0000000707800000, 0x0000000707a00000|  0%| F|  |TAMS 0x0000000707800000, 0x0000000707800000| Untracked 
|  34|0x0000000707a00000, 0x0000000707a00000, 0x0000000707c00000|  0%| F|  |TAMS 0x0000000707a00000, 0x0000000707a00000| Untracked 
|  35|0x0000000707c00000, 0x0000000707c00000, 0x0000000707e00000|  0%| F|  |TAMS 0x0000000707c00000, 0x0000000707c00000| Untracked 
|  36|0x0000000707e00000, 0x0000000707e00000, 0x0000000708000000|  0%| F|  |TAMS 0x0000000707e00000, 0x0000000707e00000| Untracked 
|  37|0x0000000708000000, 0x0000000708000000, 0x0000000708200000|  0%| F|  |TAMS 0x0000000708000000, 0x0000000708000000| Untracked 
|  38|0x0000000708200000, 0x0000000708200000, 0x0000000708400000|  0%| F|  |TAMS 0x0000000708200000, 0x0000000708200000| Untracked 
|  39|0x0000000708400000, 0x0000000708400000, 0x0000000708600000|  0%| F|  |TAMS 0x0000000708400000, 0x0000000708400000| Untracked 
|  40|0x0000000708600000, 0x0000000708600000, 0x0000000708800000|  0%| F|  |TAMS 0x0000000708600000, 0x0000000708600000| Untracked 
|  41|0x0000000708800000, 0x0000000708800000, 0x0000000708a00000|  0%| F|  |TAMS 0x0000000708800000, 0x0000000708800000| Untracked 
|  42|0x0000000708a00000, 0x0000000708a00000, 0x0000000708c00000|  0%| F|  |TAMS 0x0000000708a00000, 0x0000000708a00000| Untracked 
|  43|0x0000000708c00000, 0x0000000708c00000, 0x0000000708e00000|  0%| F|  |TAMS 0x0000000708c00000, 0x0000000708c00000| Untracked 
|  44|0x0000000708e00000, 0x0000000708e00000, 0x0000000709000000|  0%| F|  |TAMS 0x0000000708e00000, 0x0000000708e00000| Untracked 
|  45|0x0000000709000000, 0x0000000709000000, 0x0000000709200000|  0%| F|  |TAMS 0x0000000709000000, 0x0000000709000000| Untracked 
|  46|0x0000000709200000, 0x0000000709200000, 0x0000000709400000|  0%| F|  |TAMS 0x0000000709200000, 0x0000000709200000| Untracked 
|  47|0x0000000709400000, 0x0000000709400000, 0x0000000709600000|  0%| F|  |TAMS 0x0000000709400000, 0x0000000709400000| Untracked 
|  48|0x0000000709600000, 0x0000000709600000, 0x0000000709800000|  0%| F|  |TAMS 0x0000000709600000, 0x0000000709600000| Untracked 
|  49|0x0000000709800000, 0x0000000709800000, 0x0000000709a00000|  0%| F|  |TAMS 0x0000000709800000, 0x0000000709800000| Untracked 
|  50|0x0000000709a00000, 0x0000000709a00000, 0x0000000709c00000|  0%| F|  |TAMS 0x0000000709a00000, 0x0000000709a00000| Untracked 
|  51|0x0000000709c00000, 0x0000000709c00000, 0x0000000709e00000|  0%| F|  |TAMS 0x0000000709c00000, 0x0000000709c00000| Untracked 
|  52|0x0000000709e00000, 0x0000000709e00000, 0x000000070a000000|  0%| F|  |TAMS 0x0000000709e00000, 0x0000000709e00000| Untracked 
|  53|0x000000070a000000, 0x000000070a000000, 0x000000070a200000|  0%| F|  |TAMS 0x000000070a000000, 0x000000070a000000| Untracked 
|  54|0x000000070a200000, 0x000000070a200000, 0x000000070a400000|  0%| F|  |TAMS 0x000000070a200000, 0x000000070a200000| Untracked 
|  55|0x000000070a400000, 0x000000070a600000, 0x000000070a600000|100%|HS|  |TAMS 0x000000070a400000, 0x000000070a600000| Complete 
|  56|0x000000070a600000, 0x000000070a800000, 0x000000070a800000|100%|HC|  |TAMS 0x000000070a600000, 0x000000070a800000| Complete 
|  57|0x000000070a800000, 0x000000070aa00000, 0x000000070aa00000|100%|HC|  |TAMS 0x000000070a800000, 0x000000070aa00000| Complete 
|  58|0x000000070aa00000, 0x000000070ac00000, 0x000000070ac00000|100%|HS|  |TAMS 0x000000070aa00000, 0x000000070ac00000| Complete 
|  59|0x000000070ac00000, 0x000000070ae00000, 0x000000070ae00000|100%|HC|  |TAMS 0x000000070ac00000, 0x000000070ae00000| Complete 
|  60|0x000000070ae00000, 0x000000070b000000, 0x000000070b000000|100%|HC|  |TAMS 0x000000070ae00000, 0x000000070b000000| Complete 
|  61|0x000000070b000000, 0x000000070b200000, 0x000000070b200000|100%|HS|  |TAMS 0x000000070b000000, 0x000000070b200000| Complete 
|  62|0x000000070b200000, 0x000000070b400000, 0x000000070b400000|100%|HC|  |TAMS 0x000000070b200000, 0x000000070b400000| Complete 
|  63|0x000000070b400000, 0x000000070b600000, 0x000000070b600000|100%|HC|  |TAMS 0x000000070b400000, 0x000000070b600000| Complete 
|  64|0x000000070b600000, 0x000000070b800000, 0x000000070b800000|100%|HS|  |TAMS 0x000000070b600000, 0x000000070b800000| Complete 
|  65|0x000000070b800000, 0x000000070ba00000, 0x000000070ba00000|100%|HC|  |TAMS 0x000000070b800000, 0x000000070ba00000| Complete 
|  66|0x000000070ba00000, 0x000000070bc00000, 0x000000070bc00000|100%|HC|  |TAMS 0x000000070ba00000, 0x000000070bc00000| Complete 
|  67|0x000000070bc00000, 0x000000070be00000, 0x000000070be00000|100%|HS|  |TAMS 0x000000070bc00000, 0x000000070be00000| Complete 
|  68|0x000000070be00000, 0x000000070c000000, 0x000000070c000000|100%|HC|  |TAMS 0x000000070be00000, 0x000000070c000000| Complete 
|  69|0x000000070c000000, 0x000000070c200000, 0x000000070c200000|100%|HC|  |TAMS 0x000000070c000000, 0x000000070c200000| Complete 
|  70|0x000000070c200000, 0x000000070c400000, 0x000000070c400000|100%|HS|  |TAMS 0x000000070c200000, 0x000000070c400000| Complete 
|  71|0x000000070c400000, 0x000000070c600000, 0x000000070c600000|100%|HC|  |TAMS 0x000000070c400000, 0x000000070c600000| Complete 
|  72|0x000000070c600000, 0x000000070c800000, 0x000000070c800000|100%|HC|  |TAMS 0x000000070c600000, 0x000000070c800000| Complete 
|  73|0x000000070c800000, 0x000000070ca00000, 0x000000070ca00000|100%|HS|  |TAMS 0x000000070c800000, 0x000000070ca00000| Complete 
|  74|0x000000070ca00000, 0x000000070cc00000, 0x000000070cc00000|100%|HC|  |TAMS 0x000000070ca00000, 0x000000070cc00000| Complete 
|  75|0x000000070cc00000, 0x000000070ce00000, 0x000000070ce00000|100%|HC|  |TAMS 0x000000070cc00000, 0x000000070ce00000| Complete 
|  76|0x000000070ce00000, 0x000000070d000000, 0x000000070d000000|100%|HS|  |TAMS 0x000000070ce00000, 0x000000070d000000| Complete 
|  77|0x000000070d000000, 0x000000070d200000, 0x000000070d200000|100%|HC|  |TAMS 0x000000070d000000, 0x000000070d200000| Complete 
|  78|0x000000070d200000, 0x000000070d400000, 0x000000070d400000|100%|HC|  |TAMS 0x000000070d200000, 0x000000070d400000| Complete 
|  79|0x000000070d400000, 0x000000070d600000, 0x000000070d600000|100%|HS|  |TAMS 0x000000070d400000, 0x000000070d600000| Complete 
|  80|0x000000070d600000, 0x000000070d800000, 0x000000070d800000|100%|HC|  |TAMS 0x000000070d600000, 0x000000070d800000| Complete 
|  81|0x000000070d800000, 0x000000070da00000, 0x000000070da00000|100%|HC|  |TAMS 0x000000070d800000, 0x000000070da00000| Complete 
|  82|0x000000070da00000, 0x000000070dc00000, 0x000000070dc00000|100%|HS|  |TAMS 0x000000070da00000, 0x000000070dc00000| Complete 
|  83|0x000000070dc00000, 0x000000070de00000, 0x000000070de00000|100%|HC|  |TAMS 0x000000070dc00000, 0x000000070de00000| Complete 
|  84|0x000000070de00000, 0x000000070e000000, 0x000000070e000000|100%|HC|  |TAMS 0x000000070de00000, 0x000000070e000000| Complete 
|  85|0x000000070e000000, 0x000000070e200000, 0x000000070e200000|100%|HS|  |TAMS 0x000000070e000000, 0x000000070e200000| Complete 
|  86|0x000000070e200000, 0x000000070e400000, 0x000000070e400000|100%|HC|  |TAMS 0x000000070e200000, 0x000000070e400000| Complete 
|  87|0x000000070e400000, 0x000000070e600000, 0x000000070e600000|100%|HC|  |TAMS 0x000000070e400000, 0x000000070e600000| Complete 
|  88|0x000000070e600000, 0x000000070e800000, 0x000000070e800000|100%|HS|  |TAMS 0x000000070e600000, 0x000000070e800000| Complete 
|  89|0x000000070e800000, 0x000000070ea00000, 0x000000070ea00000|100%|HC|  |TAMS 0x000000070e800000, 0x000000070ea00000| Complete 
|  90|0x000000070ea00000, 0x000000070ec00000, 0x000000070ec00000|100%|HC|  |TAMS 0x000000070ea00000, 0x000000070ec00000| Complete 
|  91|0x000000070ec00000, 0x000000070ee00000, 0x000000070ee00000|100%|HS|  |TAMS 0x000000070ec00000, 0x000000070ee00000| Complete 
|  92|0x000000070ee00000, 0x000000070f000000, 0x000000070f000000|100%|HC|  |TAMS 0x000000070ee00000, 0x000000070f000000| Complete 
|  93|0x000000070f000000, 0x000000070f200000, 0x000000070f200000|100%|HC|  |TAMS 0x000000070f000000, 0x000000070f200000| Complete 
|  94|0x000000070f200000, 0x000000070f400000, 0x000000070f400000|100%|HS|  |TAMS 0x000000070f200000, 0x000000070f400000| Complete 
|  95|0x000000070f400000, 0x000000070f600000, 0x000000070f600000|100%|HC|  |TAMS 0x000000070f400000, 0x000000070f600000| Complete 
|  96|0x000000070f600000, 0x000000070f800000, 0x000000070f800000|100%|HC|  |TAMS 0x000000070f600000, 0x000000070f800000| Complete 
|  97|0x000000070f800000, 0x000000070fa00000, 0x000000070fa00000|100%|HS|  |TAMS 0x000000070f800000, 0x000000070fa00000| Complete 
|  98|0x000000070fa00000, 0x000000070fc00000, 0x000000070fc00000|100%|HC|  |TAMS 0x000000070fa00000, 0x000000070fc00000| Complete 
|  99|0x000000070fc00000, 0x000000070fe00000, 0x000000070fe00000|100%|HC|  |TAMS 0x000000070fc00000, 0x000000070fe00000| Complete 
| 100|0x000000070fe00000, 0x0000000710000000, 0x0000000710000000|100%|HS|  |TAMS 0x000000070fe00000, 0x0000000710000000| Complete 
| 101|0x0000000710000000, 0x0000000710200000, 0x0000000710200000|100%|HC|  |TAMS 0x0000000710000000, 0x0000000710200000| Complete 
| 102|0x0000000710200000, 0x0000000710400000, 0x0000000710400000|100%|HC|  |TAMS 0x0000000710200000, 0x0000000710400000| Complete 
| 103|0x0000000710400000, 0x0000000710600000, 0x0000000710600000|100%|HS|  |TAMS 0x0000000710400000, 0x0000000710600000| Complete 
| 104|0x0000000710600000, 0x0000000710800000, 0x0000000710800000|100%|HC|  |TAMS 0x0000000710600000, 0x0000000710800000| Complete 
| 105|0x0000000710800000, 0x0000000710a00000, 0x0000000710a00000|100%|HC|  |TAMS 0x0000000710800000, 0x0000000710a00000| Complete 
| 106|0x0000000710a00000, 0x0000000710c00000, 0x0000000710c00000|100%|HS|  |TAMS 0x0000000710a00000, 0x0000000710c00000| Complete 
| 107|0x0000000710c00000, 0x0000000710e00000, 0x0000000710e00000|100%|HC|  |TAMS 0x0000000710c00000, 0x0000000710e00000| Complete 
| 108|0x0000000710e00000, 0x0000000711000000, 0x0000000711000000|100%|HC|  |TAMS 0x0000000710e00000, 0x0000000711000000| Complete 
| 109|0x0000000711000000, 0x0000000711200000, 0x0000000711200000|100%|HS|  |TAMS 0x0000000711000000, 0x0000000711200000| Complete 
| 110|0x0000000711200000, 0x0000000711400000, 0x0000000711400000|100%|HC|  |TAMS 0x0000000711200000, 0x0000000711400000| Complete 
| 111|0x0000000711400000, 0x0000000711600000, 0x0000000711600000|100%|HC|  |TAMS 0x0000000711400000, 0x0000000711600000| Complete 
| 112|0x0000000711600000, 0x0000000711800000, 0x0000000711800000|100%| O|  |TAMS 0x0000000711600000, 0x0000000711800000| Untracked 
| 113|0x0000000711800000, 0x0000000711843e00, 0x0000000711a00000| 13%| O|  |TAMS 0x0000000711800000, 0x0000000711843e00| Untracked 
| 114|0x0000000711a00000, 0x0000000711a00000, 0x0000000711c00000|  0%| F|  |TAMS 0x0000000711a00000, 0x0000000711a00000| Untracked 
| 115|0x0000000711c00000, 0x0000000711c00000, 0x0000000711e00000|  0%| F|  |TAMS 0x0000000711c00000, 0x0000000711c00000| Untracked 
| 116|0x0000000711e00000, 0x0000000711e00000, 0x0000000712000000|  0%| F|  |TAMS 0x0000000711e00000, 0x0000000711e00000| Untracked 
| 117|0x0000000712000000, 0x0000000712000000, 0x0000000712200000|  0%| F|  |TAMS 0x0000000712000000, 0x0000000712000000| Untracked 
| 118|0x0000000712200000, 0x0000000712200000, 0x0000000712400000|  0%| F|  |TAMS 0x0000000712200000, 0x0000000712200000| Untracked 
| 119|0x0000000712400000, 0x0000000712400000, 0x0000000712600000|  0%| F|  |TAMS 0x0000000712400000, 0x0000000712400000| Untracked 
| 120|0x0000000712600000, 0x0000000712600000, 0x0000000712800000|  0%| F|  |TAMS 0x0000000712600000, 0x0000000712600000| Untracked 
| 121|0x0000000712800000, 0x0000000712800000, 0x0000000712a00000|  0%| F|  |TAMS 0x0000000712800000, 0x0000000712800000| Untracked 
| 122|0x0000000712a00000, 0x0000000712a00000, 0x0000000712c00000|  0%| F|  |TAMS 0x0000000712a00000, 0x0000000712a00000| Untracked 
| 123|0x0000000712c00000, 0x0000000712c00000, 0x0000000712e00000|  0%| F|  |TAMS 0x0000000712c00000, 0x0000000712c00000| Untracked 
| 124|0x0000000712e00000, 0x0000000712e00000, 0x0000000713000000|  0%| F|  |TAMS 0x0000000712e00000, 0x0000000712e00000| Untracked 
| 125|0x0000000713000000, 0x0000000713000000, 0x0000000713200000|  0%| F|  |TAMS 0x0000000713000000, 0x0000000713000000| Untracked 
| 126|0x0000000713200000, 0x0000000713200000, 0x0000000713400000|  0%| F|  |TAMS 0x0000000713200000, 0x0000000713200000| Untracked 
| 127|0x0000000713400000, 0x0000000713400000, 0x0000000713600000|  0%| F|  |TAMS 0x0000000713400000, 0x0000000713400000| Untracked 
| 128|0x0000000713600000, 0x0000000713600000, 0x0000000713800000|  0%| F|  |TAMS 0x0000000713600000, 0x0000000713600000| Untracked 
| 129|0x0000000713800000, 0x0000000713800000, 0x0000000713a00000|  0%| F|  |TAMS 0x0000000713800000, 0x0000000713800000| Untracked 
| 130|0x0000000713a00000, 0x0000000713a00000, 0x0000000713c00000|  0%| F|  |TAMS 0x0000000713a00000, 0x0000000713a00000| Untracked 
| 131|0x0000000713c00000, 0x0000000713c00000, 0x0000000713e00000|  0%| F|  |TAMS 0x0000000713c00000, 0x0000000713c00000| Untracked 
| 132|0x0000000713e00000, 0x0000000713e00000, 0x0000000714000000|  0%| F|  |TAMS 0x0000000713e00000, 0x0000000713e00000| Untracked 
| 133|0x0000000714000000, 0x0000000714000000, 0x0000000714200000|  0%| F|  |TAMS 0x0000000714000000, 0x0000000714000000| Untracked 
| 134|0x0000000714200000, 0x0000000714200000, 0x0000000714400000|  0%| F|  |TAMS 0x0000000714200000, 0x0000000714200000| Untracked 
| 135|0x0000000714400000, 0x0000000714400000, 0x0000000714600000|  0%| F|  |TAMS 0x0000000714400000, 0x0000000714400000| Untracked 
| 136|0x0000000714600000, 0x0000000714600000, 0x0000000714800000|  0%| F|  |TAMS 0x0000000714600000, 0x0000000714600000| Untracked 
| 137|0x0000000714800000, 0x0000000714800000, 0x0000000714a00000|  0%| F|  |TAMS 0x0000000714800000, 0x0000000714800000| Untracked 
| 138|0x0000000714a00000, 0x0000000714a00000, 0x0000000714c00000|  0%| F|  |TAMS 0x0000000714a00000, 0x0000000714a00000| Untracked 
| 139|0x0000000714c00000, 0x0000000714c00000, 0x0000000714e00000|  0%| F|  |TAMS 0x0000000714c00000, 0x0000000714c00000| Untracked 
| 140|0x0000000714e00000, 0x0000000714e00000, 0x0000000715000000|  0%| F|  |TAMS 0x0000000714e00000, 0x0000000714e00000| Untracked 
| 141|0x0000000715000000, 0x0000000715000000, 0x0000000715200000|  0%| F|  |TAMS 0x0000000715000000, 0x0000000715000000| Untracked 
| 142|0x0000000715200000, 0x0000000715200000, 0x0000000715400000|  0%| F|  |TAMS 0x0000000715200000, 0x0000000715200000| Untracked 
| 143|0x0000000715400000, 0x0000000715400000, 0x0000000715600000|  0%| F|  |TAMS 0x0000000715400000, 0x0000000715400000| Untracked 
| 144|0x0000000715600000, 0x0000000715600000, 0x0000000715800000|  0%| F|  |TAMS 0x0000000715600000, 0x0000000715600000| Untracked 
| 145|0x0000000715800000, 0x0000000715800000, 0x0000000715a00000|  0%| F|  |TAMS 0x0000000715800000, 0x0000000715800000| Untracked 
| 146|0x0000000715a00000, 0x0000000715a00000, 0x0000000715c00000|  0%| F|  |TAMS 0x0000000715a00000, 0x0000000715a00000| Untracked 
| 147|0x0000000715c00000, 0x0000000715c00000, 0x0000000715e00000|  0%| F|  |TAMS 0x0000000715c00000, 0x0000000715c00000| Untracked 
| 148|0x0000000715e00000, 0x0000000715e00000, 0x0000000716000000|  0%| F|  |TAMS 0x0000000715e00000, 0x0000000715e00000| Untracked 
| 149|0x0000000716000000, 0x0000000716000000, 0x0000000716200000|  0%| F|  |TAMS 0x0000000716000000, 0x0000000716000000| Untracked 
| 150|0x0000000716200000, 0x0000000716200000, 0x0000000716400000|  0%| F|  |TAMS 0x0000000716200000, 0x0000000716200000| Untracked 
| 151|0x0000000716400000, 0x0000000716400000, 0x0000000716600000|  0%| F|  |TAMS 0x0000000716400000, 0x0000000716400000| Untracked 
| 152|0x0000000716600000, 0x0000000716600000, 0x0000000716800000|  0%| F|  |TAMS 0x0000000716600000, 0x0000000716600000| Untracked 
| 153|0x0000000716800000, 0x0000000716800000, 0x0000000716a00000|  0%| F|  |TAMS 0x0000000716800000, 0x0000000716800000| Untracked 
| 154|0x0000000716a00000, 0x0000000716a00000, 0x0000000716c00000|  0%| F|  |TAMS 0x0000000716a00000, 0x0000000716a00000| Untracked 
| 155|0x0000000716c00000, 0x0000000716c00000, 0x0000000716e00000|  0%| F|  |TAMS 0x0000000716c00000, 0x0000000716c00000| Untracked 
| 156|0x0000000716e00000, 0x0000000716e00000, 0x0000000717000000|  0%| F|  |TAMS 0x0000000716e00000, 0x0000000716e00000| Untracked 
| 157|0x0000000717000000, 0x0000000717000000, 0x0000000717200000|  0%| F|  |TAMS 0x0000000717000000, 0x0000000717000000| Untracked 
| 158|0x0000000717200000, 0x0000000717200000, 0x0000000717400000|  0%| F|  |TAMS 0x0000000717200000, 0x0000000717200000| Untracked 
| 159|0x0000000717400000, 0x0000000717400000, 0x0000000717600000|  0%| F|  |TAMS 0x0000000717400000, 0x0000000717400000| Untracked 
| 160|0x0000000717600000, 0x0000000717600000, 0x0000000717800000|  0%| F|  |TAMS 0x0000000717600000, 0x0000000717600000| Untracked 
| 161|0x0000000717800000, 0x0000000717800000, 0x0000000717a00000|  0%| F|  |TAMS 0x0000000717800000, 0x0000000717800000| Untracked 
| 162|0x0000000717a00000, 0x0000000717a00000, 0x0000000717c00000|  0%| F|  |TAMS 0x0000000717a00000, 0x0000000717a00000| Untracked 
| 163|0x0000000717c00000, 0x0000000717c00000, 0x0000000717e00000|  0%| F|  |TAMS 0x0000000717c00000, 0x0000000717c00000| Untracked 
| 164|0x0000000717e00000, 0x0000000717e00000, 0x0000000718000000|  0%| F|  |TAMS 0x0000000717e00000, 0x0000000717e00000| Untracked 
| 165|0x0000000718000000, 0x0000000718000000, 0x0000000718200000|  0%| F|  |TAMS 0x0000000718000000, 0x0000000718000000| Untracked 
| 166|0x0000000718200000, 0x0000000718200000, 0x0000000718400000|  0%| F|  |TAMS 0x0000000718200000, 0x0000000718200000| Untracked 
| 167|0x0000000718400000, 0x0000000718400000, 0x0000000718600000|  0%| F|  |TAMS 0x0000000718400000, 0x0000000718400000| Untracked 
| 168|0x0000000718600000, 0x0000000718600000, 0x0000000718800000|  0%| F|  |TAMS 0x0000000718600000, 0x0000000718600000| Untracked 
| 169|0x0000000718800000, 0x0000000718800000, 0x0000000718a00000|  0%| F|  |TAMS 0x0000000718800000, 0x0000000718800000| Untracked 
| 170|0x0000000718a00000, 0x0000000718a00000, 0x0000000718c00000|  0%| F|  |TAMS 0x0000000718a00000, 0x0000000718a00000| Untracked 
| 171|0x0000000718c00000, 0x0000000718c00000, 0x0000000718e00000|  0%| F|  |TAMS 0x0000000718c00000, 0x0000000718c00000| Untracked 
| 172|0x0000000718e00000, 0x0000000718e00000, 0x0000000719000000|  0%| F|  |TAMS 0x0000000718e00000, 0x0000000718e00000| Untracked 
| 173|0x0000000719000000, 0x0000000719000000, 0x0000000719200000|  0%| F|  |TAMS 0x0000000719000000, 0x0000000719000000| Untracked 
| 174|0x0000000719200000, 0x0000000719200000, 0x0000000719400000|  0%| F|  |TAMS 0x0000000719200000, 0x0000000719200000| Untracked 
| 175|0x0000000719400000, 0x0000000719400000, 0x0000000719600000|  0%| F|  |TAMS 0x0000000719400000, 0x0000000719400000| Untracked 
| 176|0x0000000719600000, 0x0000000719600000, 0x0000000719800000|  0%| F|  |TAMS 0x0000000719600000, 0x0000000719600000| Untracked 
| 177|0x0000000719800000, 0x0000000719800000, 0x0000000719a00000|  0%| F|  |TAMS 0x0000000719800000, 0x0000000719800000| Untracked 
| 178|0x0000000719a00000, 0x0000000719a00000, 0x0000000719c00000|  0%| F|  |TAMS 0x0000000719a00000, 0x0000000719a00000| Untracked 
| 179|0x0000000719c00000, 0x0000000719c00000, 0x0000000719e00000|  0%| F|  |TAMS 0x0000000719c00000, 0x0000000719c00000| Untracked 
| 180|0x0000000719e00000, 0x0000000719e00000, 0x000000071a000000|  0%| F|  |TAMS 0x0000000719e00000, 0x0000000719e00000| Untracked 
| 181|0x000000071a000000, 0x000000071a000000, 0x000000071a200000|  0%| F|  |TAMS 0x000000071a000000, 0x000000071a000000| Untracked 
| 182|0x000000071a200000, 0x000000071a200000, 0x000000071a400000|  0%| F|  |TAMS 0x000000071a200000, 0x000000071a200000| Untracked 
| 183|0x000000071a400000, 0x000000071a400000, 0x000000071a600000|  0%| F|  |TAMS 0x000000071a400000, 0x000000071a400000| Untracked 
| 184|0x000000071a600000, 0x000000071a600000, 0x000000071a800000|  0%| F|  |TAMS 0x000000071a600000, 0x000000071a600000| Untracked 
| 185|0x000000071a800000, 0x000000071a80b0d0, 0x000000071aa00000|  2%| S|CS|TAMS 0x000000071a800000, 0x000000071a800000| Complete 
| 186|0x000000071aa00000, 0x000000071aa00000, 0x000000071ac00000|  0%| F|  |TAMS 0x000000071aa00000, 0x000000071aa00000| Untracked 
| 187|0x000000071ac00000, 0x000000071ac00000, 0x000000071ae00000|  0%| F|  |TAMS 0x000000071ac00000, 0x000000071ac00000| Untracked 
| 188|0x000000071ae00000, 0x000000071ae00000, 0x000000071b000000|  0%| F|  |TAMS 0x000000071ae00000, 0x000000071ae00000| Untracked 
| 189|0x000000071b000000, 0x000000071b000000, 0x000000071b200000|  0%| F|  |TAMS 0x000000071b000000, 0x000000071b000000| Untracked 
| 190|0x000000071b200000, 0x000000071b200000, 0x000000071b400000|  0%| F|  |TAMS 0x000000071b200000, 0x000000071b200000| Untracked 
| 191|0x000000071b400000, 0x000000071b400000, 0x000000071b600000|  0%| F|  |TAMS 0x000000071b400000, 0x000000071b400000| Untracked 
| 192|0x000000071b600000, 0x000000071b600000, 0x000000071b800000|  0%| F|  |TAMS 0x000000071b600000, 0x000000071b600000| Untracked 
| 193|0x000000071b800000, 0x000000071b800000, 0x000000071ba00000|  0%| F|  |TAMS 0x000000071b800000, 0x000000071b800000| Untracked 
| 194|0x000000071ba00000, 0x000000071ba00000, 0x000000071bc00000|  0%| F|  |TAMS 0x000000071ba00000, 0x000000071ba00000| Untracked 
| 195|0x000000071bc00000, 0x000000071bc00000, 0x000000071be00000|  0%| F|  |TAMS 0x000000071bc00000, 0x000000071bc00000| Untracked 
| 196|0x000000071be00000, 0x000000071be00000, 0x000000071c000000|  0%| F|  |TAMS 0x000000071be00000, 0x000000071be00000| Untracked 
| 197|0x000000071c000000, 0x000000071c000000, 0x000000071c200000|  0%| F|  |TAMS 0x000000071c000000, 0x000000071c000000| Untracked 
| 198|0x000000071c200000, 0x000000071c200000, 0x000000071c400000|  0%| F|  |TAMS 0x000000071c200000, 0x000000071c200000| Untracked 
| 199|0x000000071c400000, 0x000000071c400000, 0x000000071c600000|  0%| F|  |TAMS 0x000000071c400000, 0x000000071c400000| Untracked 
| 200|0x000000071c600000, 0x000000071c600000, 0x000000071c800000|  0%| F|  |TAMS 0x000000071c600000, 0x000000071c600000| Untracked 
| 201|0x000000071c800000, 0x000000071c800000, 0x000000071ca00000|  0%| F|  |TAMS 0x000000071c800000, 0x000000071c800000| Untracked 
| 202|0x000000071ca00000, 0x000000071ca00000, 0x000000071cc00000|  0%| F|  |TAMS 0x000000071ca00000, 0x000000071ca00000| Untracked 
| 203|0x000000071cc00000, 0x000000071cc00000, 0x000000071ce00000|  0%| F|  |TAMS 0x000000071cc00000, 0x000000071cc00000| Untracked 
| 204|0x000000071ce00000, 0x000000071ce00000, 0x000000071d000000|  0%| F|  |TAMS 0x000000071ce00000, 0x000000071ce00000| Untracked 
| 205|0x000000071d000000, 0x000000071d000000, 0x000000071d200000|  0%| F|  |TAMS 0x000000071d000000, 0x000000071d000000| Untracked 
| 206|0x000000071d200000, 0x000000071d200000, 0x000000071d400000|  0%| F|  |TAMS 0x000000071d200000, 0x000000071d200000| Untracked 
| 207|0x000000071d400000, 0x000000071d400000, 0x000000071d600000|  0%| F|  |TAMS 0x000000071d400000, 0x000000071d400000| Untracked 
| 208|0x000000071d600000, 0x000000071d600000, 0x000000071d800000|  0%| F|  |TAMS 0x000000071d600000, 0x000000071d600000| Untracked 
| 209|0x000000071d800000, 0x000000071d800000, 0x000000071da00000|  0%| F|  |TAMS 0x000000071d800000, 0x000000071d800000| Untracked 
| 210|0x000000071da00000, 0x000000071da00000, 0x000000071dc00000|  0%| F|  |TAMS 0x000000071da00000, 0x000000071da00000| Untracked 
| 211|0x000000071dc00000, 0x000000071dc00000, 0x000000071de00000|  0%| F|  |TAMS 0x000000071dc00000, 0x000000071dc00000| Untracked 
| 212|0x000000071de00000, 0x000000071de00000, 0x000000071e000000|  0%| F|  |TAMS 0x000000071de00000, 0x000000071de00000| Untracked 
| 213|0x000000071e000000, 0x000000071e000000, 0x000000071e200000|  0%| F|  |TAMS 0x000000071e000000, 0x000000071e000000| Untracked 
| 214|0x000000071e200000, 0x000000071e200000, 0x000000071e400000|  0%| F|  |TAMS 0x000000071e200000, 0x000000071e200000| Untracked 
| 215|0x000000071e400000, 0x000000071e400000, 0x000000071e600000|  0%| F|  |TAMS 0x000000071e400000, 0x000000071e400000| Untracked 
| 216|0x000000071e600000, 0x000000071e600000, 0x000000071e800000|  0%| F|  |TAMS 0x000000071e600000, 0x000000071e600000| Untracked 
| 217|0x000000071e800000, 0x000000071e800000, 0x000000071ea00000|  0%| F|  |TAMS 0x000000071e800000, 0x000000071e800000| Untracked 
| 218|0x000000071ea00000, 0x000000071ea00000, 0x000000071ec00000|  0%| F|  |TAMS 0x000000071ea00000, 0x000000071ea00000| Untracked 
| 219|0x000000071ec00000, 0x000000071ec00000, 0x000000071ee00000|  0%| F|  |TAMS 0x000000071ec00000, 0x000000071ec00000| Untracked 
| 220|0x000000071ee00000, 0x000000071ee00000, 0x000000071f000000|  0%| F|  |TAMS 0x000000071ee00000, 0x000000071ee00000| Untracked 
| 221|0x000000071f000000, 0x000000071f000000, 0x000000071f200000|  0%| F|  |TAMS 0x000000071f000000, 0x000000071f000000| Untracked 
| 222|0x000000071f200000, 0x000000071f200000, 0x000000071f400000|  0%| F|  |TAMS 0x000000071f200000, 0x000000071f200000| Untracked 
| 223|0x000000071f400000, 0x000000071f400000, 0x000000071f600000|  0%| F|  |TAMS 0x000000071f400000, 0x000000071f400000| Untracked 
| 224|0x000000071f600000, 0x000000071f600000, 0x000000071f800000|  0%| F|  |TAMS 0x000000071f600000, 0x000000071f600000| Untracked 
| 225|0x000000071f800000, 0x000000071f800000, 0x000000071fa00000|  0%| F|  |TAMS 0x000000071f800000, 0x000000071f800000| Untracked 
| 226|0x000000071fa00000, 0x000000071fa00000, 0x000000071fc00000|  0%| F|  |TAMS 0x000000071fa00000, 0x000000071fa00000| Untracked 
| 227|0x000000071fc00000, 0x000000071fe00000, 0x000000071fe00000|100%| E|  |TAMS 0x000000071fc00000, 0x000000071fc00000| Complete 
| 228|0x000000071fe00000, 0x0000000720000000, 0x0000000720000000|100%| E|CS|TAMS 0x000000071fe00000, 0x000000071fe00000| Complete 
| 229|0x0000000720000000, 0x0000000720200000, 0x0000000720200000|100%| E|CS|TAMS 0x0000000720000000, 0x0000000720000000| Complete 
| 230|0x0000000720200000, 0x0000000720400000, 0x0000000720400000|100%| E|CS|TAMS 0x0000000720200000, 0x0000000720200000| Complete 
| 231|0x0000000720400000, 0x0000000720600000, 0x0000000720600000|100%| E|CS|TAMS 0x0000000720400000, 0x0000000720400000| Complete 
| 232|0x0000000720600000, 0x0000000720800000, 0x0000000720800000|100%| E|CS|TAMS 0x0000000720600000, 0x0000000720600000| Complete 
| 233|0x0000000720800000, 0x0000000720a00000, 0x0000000720a00000|100%| E|CS|TAMS 0x0000000720800000, 0x0000000720800000| Complete 
| 234|0x0000000720a00000, 0x0000000720c00000, 0x0000000720c00000|100%| E|CS|TAMS 0x0000000720a00000, 0x0000000720a00000| Complete 
| 235|0x0000000720c00000, 0x0000000720e00000, 0x0000000720e00000|100%| E|CS|TAMS 0x0000000720c00000, 0x0000000720c00000| Complete 
| 236|0x0000000720e00000, 0x0000000721000000, 0x0000000721000000|100%| E|CS|TAMS 0x0000000720e00000, 0x0000000720e00000| Complete 
| 237|0x0000000721000000, 0x0000000721200000, 0x0000000721200000|100%| E|CS|TAMS 0x0000000721000000, 0x0000000721000000| Complete 
| 238|0x0000000721200000, 0x0000000721400000, 0x0000000721400000|100%| E|CS|TAMS 0x0000000721200000, 0x0000000721200000| Complete 
| 239|0x0000000721400000, 0x0000000721600000, 0x0000000721600000|100%| E|CS|TAMS 0x0000000721400000, 0x0000000721400000| Complete 
| 240|0x0000000721600000, 0x0000000721800000, 0x0000000721800000|100%| E|CS|TAMS 0x0000000721600000, 0x0000000721600000| Complete 
| 241|0x0000000721800000, 0x0000000721a00000, 0x0000000721a00000|100%| E|CS|TAMS 0x0000000721800000, 0x0000000721800000| Complete 
| 242|0x0000000721a00000, 0x0000000721c00000, 0x0000000721c00000|100%| E|CS|TAMS 0x0000000721a00000, 0x0000000721a00000| Complete 
| 243|0x0000000721c00000, 0x0000000721e00000, 0x0000000721e00000|100%| E|CS|TAMS 0x0000000721c00000, 0x0000000721c00000| Complete 
| 244|0x0000000721e00000, 0x0000000722000000, 0x0000000722000000|100%| E|CS|TAMS 0x0000000721e00000, 0x0000000721e00000| Complete 
| 245|0x0000000722000000, 0x0000000722200000, 0x0000000722200000|100%| E|CS|TAMS 0x0000000722000000, 0x0000000722000000| Complete 
| 246|0x0000000722200000, 0x0000000722400000, 0x0000000722400000|100%| E|CS|TAMS 0x0000000722200000, 0x0000000722200000| Complete 
| 247|0x0000000722400000, 0x0000000722600000, 0x0000000722600000|100%| E|CS|TAMS 0x0000000722400000, 0x0000000722400000| Complete 
| 248|0x0000000722600000, 0x0000000722800000, 0x0000000722800000|100%| E|CS|TAMS 0x0000000722600000, 0x0000000722600000| Complete 
| 249|0x0000000722800000, 0x0000000722a00000, 0x0000000722a00000|100%| E|CS|TAMS 0x0000000722800000, 0x0000000722800000| Complete 
| 250|0x0000000722a00000, 0x0000000722c00000, 0x0000000722c00000|100%| E|CS|TAMS 0x0000000722a00000, 0x0000000722a00000| Complete 
| 251|0x0000000722c00000, 0x0000000722e00000, 0x0000000722e00000|100%| E|CS|TAMS 0x0000000722c00000, 0x0000000722c00000| Complete 
| 252|0x0000000722e00000, 0x0000000723000000, 0x0000000723000000|100%| E|CS|TAMS 0x0000000722e00000, 0x0000000722e00000| Complete 
| 253|0x0000000723000000, 0x0000000723200000, 0x0000000723200000|100%| E|CS|TAMS 0x0000000723000000, 0x0000000723000000| Complete 

Card table byte_map: [0x000001e77ba20000,0x000001e77c210000] _byte_map_base: 0x000001e778205000

Marking Bits (Prev, Next): (CMBitMap*) 0x000001e7628418c0, (CMBitMap*) 0x000001e762841900
 Prev Bits: [0x000001e700000000, 0x000001e703f28000)
 Next Bits: [0x000001e703f30000, 0x000001e707e58000)

Polling page: 0x000001e762680000

Metaspace:

Usage:
  Non-class:      8.13 MB used.
      Class:    881.98 KB used.
       Both:      8.99 MB used.

Virtual space:
  Non-class space:       16.00 MB reserved,       8.25 MB ( 52%) committed,  2 nodes.
      Class space:        1.00 GB reserved,       1.00 MB ( <1%) committed,  1 nodes.
             Both:        1.02 GB reserved,       9.25 MB ( <1%) committed. 

Chunk freelists:
   Non-Class:  2.98 MB
       Class:  3.05 MB
        Both:  6.04 MB

MaxMetaspaceSize: unlimited
CompressedClassSpaceSize: 1.00 GB
Initial GC threshold: 21.00 MB
Current GC threshold: 21.00 MB
CDS: on
MetaspaceReclaimPolicy: balanced
 - commit_granule_bytes: 65536.
 - commit_granule_words: 8192.
 - virtual_space_node_default_size: 1048576.
 - enlarge_chunks_in_place: 1.
 - new_chunks_are_fully_committed: 0.
 - uncommit_free_chunks: 1.
 - use_allocation_guard: 0.
 - handle_deallocations: 1.


Internal statistics:

num_allocs_failed_limit: 0.
num_arena_births: 110.
num_arena_deaths: 0.
num_vsnodes_births: 3.
num_vsnodes_deaths: 0.
num_space_committed: 148.
num_space_uncommitted: 0.
num_chunks_returned_to_freelist: 0.
num_chunks_taken_from_freelist: 168.
num_chunk_merges: 0.
num_chunk_splits: 89.
num_chunks_enlarged: 27.
num_purges: 0.
num_inconsistent_stats: 0.

CodeHeap 'non-profiled nmethods': size=120000Kb used=2039Kb max_used=2039Kb free=117960Kb
 bounds [0x000001e773280000, 0x000001e7734f0000, 0x000001e77a7b0000]
CodeHeap 'profiled nmethods': size=120000Kb used=4596Kb max_used=4596Kb free=115404Kb
 bounds [0x000001e76bd50000, 0x000001e76c1d0000, 0x000001e773280000]
CodeHeap 'non-nmethods': size=5760Kb used=1280Kb max_used=1334Kb free=4479Kb
 bounds [0x000001e76b7b0000, 0x000001e76ba20000, 0x000001e76bd50000]
 total_blobs=3216 nmethods=2625 adapters=503
 compilation: enabled
              stopped_count=0, restarted_count=0
 full_count=0

Compilation events (20 events):
Event: 110.778 Thread 0x000001e77f506fd0 nmethod 2616 0x000001e773469390 code [0x000001e7734696a0, 0x000001e77346b4f0]
Event: 110.778 Thread 0x000001e77f506fd0 2619       4       java.util.IdentityHashMap$KeySet::iterator (12 bytes)
Event: 110.779 Thread 0x000001e77f506fd0 nmethod 2619 0x000001e77346c810 code [0x000001e77346c9a0, 0x000001e77346cb58]
Event: 110.779 Thread 0x000001e77f506fd0 2617   !   4       javax.imageio.ImageIO::createImageInputStream (107 bytes)
Event: 110.801 Thread 0x000001e77f506fd0 nmethod 2617 0x000001e77346cc90 code [0x000001e77346cf60, 0x000001e77346e9f0]
Event: 110.801 Thread 0x000001e77f506fd0 2618   !   4       javax.imageio.ImageIO::hasCachePermission (142 bytes)
Event: 110.803 Thread 0x000001e77f506fd0 nmethod 2618 0x000001e77346fa90 code [0x000001e77346fc40, 0x000001e77346ff68]
Event: 114.804 Thread 0x000001e77f506fd0 2620       4       javax.swing.RepaintManager::collectDirtyComponents (344 bytes)
Event: 114.847 Thread 0x000001e77f506fd0 nmethod 2620 0x000001e773470110 code [0x000001e773470380, 0x000001e773471af0]
Event: 115.104 Thread 0x000001e77f506fd0 2621       4       com.sun.imageio.plugins.jpeg.JPEGImageReaderSpi::canDecodeInput (60 bytes)
Event: 115.117 Thread 0x000001e77f506fd0 nmethod 2621 0x000001e773472d10 code [0x000001e773472f40, 0x000001e773474250]
Event: 115.117 Thread 0x000001e77f506fd0 2622       4       com.sun.imageio.plugins.gif.GIFImageReaderSpi::canDecodeInput (100 bytes)
Event: 115.131 Thread 0x000001e77f506fd0 nmethod 2622 0x000001e773475010 code [0x000001e773475240, 0x000001e7734765e8]
Event: 115.132 Thread 0x000001e77f506fd0 2623       4       com.sun.imageio.plugins.png.PNGImageReaderSpi::canDecodeInput (110 bytes)
Event: 115.147 Thread 0x000001e77f506fd0 nmethod 2623 0x000001e773477490 code [0x000001e7734776e0, 0x000001e773478b08]
Event: 115.253 Thread 0x000001e77f506fd0 2624   !   4       sun.java2d.SunGraphics2D::fillOval (74 bytes)
Event: 115.268 Thread 0x000001e77f506fd0 nmethod 2624 0x000001e773479a90 code [0x000001e773479d40, 0x000001e77347ab68]
Event: 117.449 Thread 0x000001e77f506fd0 2625   !   4       com.sun.imageio.plugins.wbmp.WBMPImageReaderSpi::canDecodeInput (211 bytes)
Event: 117.468 Thread 0x000001e77f506fd0 nmethod 2625 0x000001e77347b990 code [0x000001e77347bbe0, 0x000001e77347ce80]
Event: 119.087 Thread 0x000001e77f506fd0 2626   !   4       javax.swing.JComponent::_paintImmediately (891 bytes)

GC Heap History (20 events):
Event: 113.541 GC heap before
{Heap before GC invocations=198 (full 0):
 garbage-first heap   total 520192K, used 350526K [0x0000000703600000, 0x0000000800000000)
  region size 2048K, 60 young (122880K), 1 survivors (2048K)
 Metaspace       used 9208K, committed 9472K, reserved 1064960K
  class space    used 881K, committed 1024K, reserved 1048576K
}
Event: 113.542 GC heap after
{Heap after GC invocations=199 (full 0):
 garbage-first heap   total 520192K, used 115001K [0x0000000703600000, 0x0000000800000000)
  region size 2048K, 1 young (2048K), 1 survivors (2048K)
 Metaspace       used 9208K, committed 9472K, reserved 1064960K
  class space    used 881K, committed 1024K, reserved 1048576K
}
Event: 114.213 GC heap before
{Heap before GC invocations=199 (full 0):
 garbage-first heap   total 520192K, used 366905K [0x0000000703600000, 0x0000000800000000)
  region size 2048K, 68 young (139264K), 1 survivors (2048K)
 Metaspace       used 9208K, committed 9472K, reserved 1064960K
  class space    used 881K, committed 1024K, reserved 1048576K
}
Event: 114.215 GC heap after
{Heap after GC invocations=200 (full 0):
 garbage-first heap   total 520192K, used 127293K [0x0000000703600000, 0x0000000800000000)
  region size 2048K, 1 young (2048K), 1 survivors (2048K)
 Metaspace       used 9208K, committed 9472K, reserved 1064960K
  class space    used 881K, committed 1024K, reserved 1048576K
}
Event: 114.719 GC heap before
{Heap before GC invocations=200 (full 0):
 garbage-first heap   total 520192K, used 350525K [0x0000000703600000, 0x0000000800000000)
  region size 2048K, 60 young (122880K), 1 survivors (2048K)
 Metaspace       used 9208K, committed 9472K, reserved 1064960K
  class space    used 881K, committed 1024K, reserved 1048576K
}
Event: 114.721 GC heap after
{Heap after GC invocations=201 (full 0):
 garbage-first heap   total 520192K, used 115004K [0x0000000703600000, 0x0000000800000000)
  region size 2048K, 1 young (2048K), 1 survivors (2048K)
 Metaspace       used 9208K, committed 9472K, reserved 1064960K
  class space    used 881K, committed 1024K, reserved 1048576K
}
Event: 115.281 GC heap before
{Heap before GC invocations=201 (full 0):
 garbage-first heap   total 520192K, used 366908K [0x0000000703600000, 0x0000000800000000)
  region size 2048K, 68 young (139264K), 1 survivors (2048K)
 Metaspace       used 9208K, committed 9472K, reserved 1064960K
  class space    used 881K, committed 1024K, reserved 1048576K
}
Event: 115.282 GC heap after
{Heap after GC invocations=202 (full 0):
 garbage-first heap   total 520192K, used 127291K [0x0000000703600000, 0x0000000800000000)
  region size 2048K, 1 young (2048K), 1 survivors (2048K)
 Metaspace       used 9208K, committed 9472K, reserved 1064960K
  class space    used 881K, committed 1024K, reserved 1048576K
}
Event: 115.913 GC heap before
{Heap before GC invocations=202 (full 0):
 garbage-first heap   total 520192K, used 350523K [0x0000000703600000, 0x0000000800000000)
  region size 2048K, 60 young (122880K), 1 survivors (2048K)
 Metaspace       used 9208K, committed 9472K, reserved 1064960K
  class space    used 881K, committed 1024K, reserved 1048576K
}
Event: 115.915 GC heap after
{Heap after GC invocations=203 (full 0):
 garbage-first heap   total 520192K, used 115005K [0x0000000703600000, 0x0000000800000000)
  region size 2048K, 1 young (2048K), 1 survivors (2048K)
 Metaspace       used 9208K, committed 9472K, reserved 1064960K
  class space    used 881K, committed 1024K, reserved 1048576K
}
Event: 116.585 GC heap before
{Heap before GC invocations=203 (full 0):
 garbage-first heap   total 520192K, used 366909K [0x0000000703600000, 0x0000000800000000)
  region size 2048K, 68 young (139264K), 1 survivors (2048K)
 Metaspace       used 9208K, committed 9472K, reserved 1064960K
  class space    used 881K, committed 1024K, reserved 1048576K
}
Event: 116.586 GC heap after
{Heap after GC invocations=204 (full 0):
 garbage-first heap   total 520192K, used 127292K [0x0000000703600000, 0x0000000800000000)
  region size 2048K, 1 young (2048K), 1 survivors (2048K)
 Metaspace       used 9208K, committed 9472K, reserved 1064960K
  class space    used 881K, committed 1024K, reserved 1048576K
}
Event: 117.146 GC heap before
{Heap before GC invocations=204 (full 0):
 garbage-first heap   total 520192K, used 350524K [0x0000000703600000, 0x0000000800000000)
  region size 2048K, 60 young (122880K), 1 survivors (2048K)
 Metaspace       used 9208K, committed 9472K, reserved 1064960K
  class space    used 881K, committed 1024K, reserved 1048576K
}
Event: 117.147 GC heap after
{Heap after GC invocations=205 (full 0):
 garbage-first heap   total 520192K, used 115003K [0x0000000703600000, 0x0000000800000000)
  region size 2048K, 1 young (2048K), 1 survivors (2048K)
 Metaspace       used 9208K, committed 9472K, reserved 1064960K
  class space    used 881K, committed 1024K, reserved 1048576K
}
Event: 117.798 GC heap before
{Heap before GC invocations=205 (full 0):
 garbage-first heap   total 520192K, used 366907K [0x0000000703600000, 0x0000000800000000)
  region size 2048K, 68 young (139264K), 1 survivors (2048K)
 Metaspace       used 9208K, committed 9472K, reserved 1064960K
  class space    used 881K, committed 1024K, reserved 1048576K
}
Event: 117.800 GC heap after
{Heap after GC invocations=206 (full 0):
 garbage-first heap   total 520192K, used 127293K [0x0000000703600000, 0x0000000800000000)
  region size 2048K, 1 young (2048K), 1 survivors (2048K)
 Metaspace       used 9208K, committed 9472K, reserved 1064960K
  class space    used 881K, committed 1024K, reserved 1048576K
}
Event: 118.302 GC heap before
{Heap before GC invocations=206 (full 0):
 garbage-first heap   total 520192K, used 350525K [0x0000000703600000, 0x0000000800000000)
  region size 2048K, 60 young (122880K), 1 survivors (2048K)
 Metaspace       used 9208K, committed 9472K, reserved 1064960K
  class space    used 881K, committed 1024K, reserved 1048576K
}
Event: 118.303 GC heap after
{Heap after GC invocations=207 (full 0):
 garbage-first heap   total 520192K, used 115001K [0x0000000703600000, 0x0000000800000000)
  region size 2048K, 1 young (2048K), 1 survivors (2048K)
 Metaspace       used 9208K, committed 9472K, reserved 1064960K
  class space    used 881K, committed 1024K, reserved 1048576K
}
Event: 118.900 GC heap before
{Heap before GC invocations=207 (full 0):
 garbage-first heap   total 520192K, used 366905K [0x0000000703600000, 0x0000000800000000)
  region size 2048K, 68 young (139264K), 1 survivors (2048K)
 Metaspace       used 9208K, committed 9472K, reserved 1064960K
  class space    used 881K, committed 1024K, reserved 1048576K
}
Event: 118.902 GC heap after
{Heap after GC invocations=208 (full 0):
 garbage-first heap   total 520192K, used 127291K [0x0000000703600000, 0x0000000800000000)
  region size 2048K, 1 young (2048K), 1 survivors (2048K)
 Metaspace       used 9208K, committed 9472K, reserved 1064960K
  class space    used 881K, committed 1024K, reserved 1048576K
}

Deoptimization events (20 events):
Event: 34.848 Thread 0x000001e708995900 Uncommon trap: trap_request=0xffffffde fr.pc=0x000001e77339d034 relative=0x0000000000000114
Event: 34.848 Thread 0x000001e708995900 Uncommon trap: reason=class_check action=maybe_recompile pc=0x000001e77339d034 method=jdk.internal.misc.Unsafe.allocateUninitializedArray(Ljava/lang/Class;I)Ljava/lang/Object; @ 51 c2
Event: 34.848 Thread 0x000001e708995900 DEOPT PACKING pc=0x000001e77339d034 sp=0x0000002e20efdb10
Event: 34.848 Thread 0x000001e708995900 DEOPT UNPACKING pc=0x000001e76b805c23 sp=0x0000002e20efda98 mode 2
Event: 34.880 Thread 0x000001e708995900 Uncommon trap: trap_request=0xffffffde fr.pc=0x000001e77339d034 relative=0x0000000000000114
Event: 34.880 Thread 0x000001e708995900 Uncommon trap: reason=class_check action=maybe_recompile pc=0x000001e77339d034 method=jdk.internal.misc.Unsafe.allocateUninitializedArray(Ljava/lang/Class;I)Ljava/lang/Object; @ 51 c2
Event: 34.880 Thread 0x000001e708995900 DEOPT PACKING pc=0x000001e77339d034 sp=0x0000002e20efd990
Event: 34.880 Thread 0x000001e708995900 DEOPT UNPACKING pc=0x000001e76b805c23 sp=0x0000002e20efd918 mode 2
Event: 34.884 Thread 0x000001e708995900 Uncommon trap: trap_request=0xffffffde fr.pc=0x000001e77339d034 relative=0x0000000000000114
Event: 34.884 Thread 0x000001e708995900 Uncommon trap: reason=class_check action=maybe_recompile pc=0x000001e77339d034 method=jdk.internal.misc.Unsafe.allocateUninitializedArray(Ljava/lang/Class;I)Ljava/lang/Object; @ 51 c2
Event: 34.884 Thread 0x000001e708995900 DEOPT PACKING pc=0x000001e77339d034 sp=0x0000002e20efd9c0
Event: 34.884 Thread 0x000001e708995900 DEOPT UNPACKING pc=0x000001e76b805c23 sp=0x0000002e20efd948 mode 2
Event: 34.884 Thread 0x000001e708995900 Uncommon trap: trap_request=0xffffffde fr.pc=0x000001e77339d034 relative=0x0000000000000114
Event: 34.884 Thread 0x000001e708995900 Uncommon trap: reason=class_check action=maybe_recompile pc=0x000001e77339d034 method=jdk.internal.misc.Unsafe.allocateUninitializedArray(Ljava/lang/Class;I)Ljava/lang/Object; @ 51 c2
Event: 34.884 Thread 0x000001e708995900 DEOPT PACKING pc=0x000001e77339d034 sp=0x0000002e20efd9c0
Event: 34.884 Thread 0x000001e708995900 DEOPT UNPACKING pc=0x000001e76b805c23 sp=0x0000002e20efd948 mode 2
Event: 63.176 Thread 0x000001e708968520 Uncommon trap: trap_request=0xffffff45 fr.pc=0x000001e7733a0fec relative=0x00000000000005ac
Event: 63.176 Thread 0x000001e708968520 Uncommon trap: reason=unstable_if action=reinterpret pc=0x000001e7733a0fec method=java.lang.ref.ReferenceQueue.remove(J)Ljava/lang/ref/Reference; @ 42 c2
Event: 63.176 Thread 0x000001e708968520 DEOPT PACKING pc=0x000001e7733a0fec sp=0x0000002e20aff600
Event: 63.176 Thread 0x000001e708968520 DEOPT UNPACKING pc=0x000001e76b805c23 sp=0x0000002e20aff598 mode 2

Classes unloaded (0 events):
No events

Classes redefined (0 events):
No events

Internal exceptions (13 events):
Event: 0.069 Thread 0x000001e7627ca790 Exception <a 'java/lang/ClassNotFoundException'{0x00000007133a7978}: sun/awt/resources/spi/awtProvider> (0x00000007133a7978) 
thrown [t:\workspace\open\src\hotspot\share\classfile\systemDictionary.cpp, line 256]
Event: 0.100 Thread 0x000001e7627ca790 Exception <a 'java/io/FileNotFoundException'{0x0000000713000d98}> (0x0000000713000d98) 
thrown [t:\workspace\open\src\hotspot\share\prims\jni.cpp, line 516]
Event: 0.112 Thread 0x000001e7627ca790 Exception <a 'java/io/FileNotFoundException'{0x000000071302dd40}> (0x000000071302dd40) 
thrown [t:\workspace\open\src\hotspot\share\prims\jni.cpp, line 516]
Event: 0.162 Thread 0x000001e7627ca790 Exception <a 'java/lang/NoSuchMethodError'{0x0000000713078998}: 'java.lang.Object java.lang.invoke.DirectMethodHandle$Holder.invokeStaticInit(java.lang.Object)'> (0x0000000713078998) 
thrown [t:\workspace\open\src\hotspot\share\interpreter\linkResolver.cpp, line 766]
Event: 0.206 Thread 0x000001e7627ca790 Exception <a 'java/lang/NoSuchMethodError'{0x00000007130c28e8}: 'void java.lang.invoke.DirectMethodHandle$Holder.invokeSpecial(java.lang.Object, java.lang.Object, java.lang.Object)'> (0x00000007130c28e8) 
thrown [t:\workspace\open\src\hotspot\share\interpreter\linkResolver.cpp, line 766]
Event: 0.219 Thread 0x000001e7627ca790 Exception <a 'java/lang/NoSuchMethodError'{0x000000071315d7e0}: 'java.lang.Object java.lang.invoke.DirectMethodHandle$Holder.newInvokeSpecial(java.lang.Object, java.lang.Object, java.lang.Object, java.lang.Object, java.lang.Object)'> (0x000000071315d7e0) 
thrown [t:\workspace\open\src\hotspot\share\interpreter\linkResolver.cpp, line 766]
Event: 0.221 Thread 0x000001e7627ca790 Exception <a 'java/lang/NoSuchMethodError'{0x0000000713169298}: 'java.lang.Object java.lang.invoke.DirectMethodHandle$Holder.invokeStatic(java.lang.Object, int, java.lang.Object, java.lang.Object, java.lang.Object, java.lang.Object)'> (0x0000000713169298) 
thrown [t:\workspace\open\src\hotspot\share\interpreter\linkResolver.cpp, line 766]
Event: 0.230 Thread 0x000001e7627ca790 Exception <a 'java/lang/NoSuchMethodError'{0x000000071318ea58}: 'java.lang.Object java.lang.invoke.DirectMethodHandle$Holder.invokeStatic(java.lang.Object, int, java.lang.Object)'> (0x000000071318ea58) 
thrown [t:\workspace\open\src\hotspot\share\interpreter\linkResolver.cpp, line 766]
Event: 0.262 Thread 0x000001e7627ca790 Exception <a 'java/lang/ClassNotFoundException'{0x0000000712e46970}: com/sun/swing/internal/plaf/metal/resources/spi/metalProvider> (0x0000000712e46970) 
thrown [t:\workspace\open\src\hotspot\share\classfile\systemDictionary.cpp, line 256]
Event: 0.263 Thread 0x000001e7627ca790 Exception <a 'java/lang/ClassNotFoundException'{0x0000000712e4a848}: com/sun/swing/internal/plaf/basic/resources/spi/basicProvider> (0x0000000712e4a848) 
thrown [t:\workspace\open\src\hotspot\share\classfile\systemDictionary.cpp, line 256]
Event: 0.271 Thread 0x000001e7627ca790 Exception <a 'java/lang/NoSuchMethodError'{0x0000000712e63750}: 'void java.lang.invoke.DirectMethodHandle$Holder.invokeStatic(java.lang.Object, java.lang.Object)'> (0x0000000712e63750) 
thrown [t:\workspace\open\src\hotspot\share\interpreter\linkResolver.cpp, line 766]
Event: 0.302 Thread 0x000001e708995900 Exception <a 'java/lang/NoSuchMethodError'{0x0000000712ea3b70}: 'void java.lang.invoke.DirectMethodHandle$Holder.invokeStaticInit(java.lang.Object)'> (0x0000000712ea3b70) 
thrown [t:\workspace\open\src\hotspot\share\interpreter\linkResolver.cpp, line 766]
Event: 0.375 Thread 0x000001e7089945c0 Exception <a 'java/lang/NoSuchMethodError'{0x00000007130f1a60}: 'void java.lang.invoke.DirectMethodHandle$Holder.invokeVirtual(java.lang.Object, java.lang.Object)'> (0x00000007130f1a60) 
thrown [t:\workspace\open\src\hotspot\share\interpreter\linkResolver.cpp, line 766]

VM Operations (20 events):
Event: 113.541 Executing VM operation: G1TryInitiateConcMark
Event: 113.542 Executing VM operation: G1TryInitiateConcMark done
Event: 114.213 Executing VM operation: G1TryInitiateConcMark
Event: 114.215 Executing VM operation: G1TryInitiateConcMark done
Event: 114.719 Executing VM operation: G1TryInitiateConcMark
Event: 114.721 Executing VM operation: G1TryInitiateConcMark done
Event: 115.280 Executing VM operation: G1TryInitiateConcMark
Event: 115.282 Executing VM operation: G1TryInitiateConcMark done
Event: 115.913 Executing VM operation: G1TryInitiateConcMark
Event: 115.915 Executing VM operation: G1TryInitiateConcMark done
Event: 116.584 Executing VM operation: G1TryInitiateConcMark
Event: 116.586 Executing VM operation: G1TryInitiateConcMark done
Event: 117.146 Executing VM operation: G1TryInitiateConcMark
Event: 117.147 Executing VM operation: G1TryInitiateConcMark done
Event: 117.798 Executing VM operation: G1TryInitiateConcMark
Event: 117.800 Executing VM operation: G1TryInitiateConcMark done
Event: 118.302 Executing VM operation: G1TryInitiateConcMark
Event: 118.303 Executing VM operation: G1TryInitiateConcMark done
Event: 118.900 Executing VM operation: G1TryInitiateConcMark
Event: 118.902 Executing VM operation: G1TryInitiateConcMark done

Events (20 events):
Event: 2.480 loading class java/awt/geom/EllipseIterator
Event: 2.480 loading class java/awt/geom/EllipseIterator done
Event: 3.008 loading class sun/awt/DebugSettings
Event: 3.009 loading class sun/awt/DebugSettings done
Event: 3.009 loading class javax/swing/JComponent$KeyboardState
Event: 3.009 loading class javax/swing/JComponent$KeyboardState done
Event: 3.009 loading class javax/swing/JComponent$IntVector
Event: 3.009 loading class javax/swing/JComponent$IntVector done
Event: 3.009 loading class java/util/Vector$1
Event: 3.009 loading class java/util/Vector$1 done
Event: 3.009 loading class javax/swing/Popup$HeavyWeightWindow
Event: 3.009 loading class sun/awt/ModalExclude
Event: 3.009 loading class sun/awt/ModalExclude done
Event: 3.009 loading class javax/swing/JWindow
Event: 3.009 loading class javax/swing/JWindow done
Event: 3.009 loading class javax/swing/Popup$HeavyWeightWindow done
Event: 97.482 loading class jdk/internal/misc/ScopedMemoryAccess$Scope$Handle
Event: 97.482 loading class jdk/internal/misc/ScopedMemoryAccess$Scope$Handle done
Event: 98.161 loading class java/security/DomainCombiner
Event: 98.172 loading class java/security/DomainCombiner done


Dynamic libraries:
0x00007ff690930000 - 0x00007ff690940000 	C:\Program Files\Java\jdk-17.0.1\bin\java.exe
0x00007ffc939d0000 - 0x00007ffc93bc8000 	C:\Windows\SYSTEM32\ntdll.dll
0x00007ffc937e0000 - 0x00007ffc9389f000 	C:\Windows\System32\KERNEL32.DLL
0x00007ffc91430000 - 0x00007ffc91702000 	C:\Windows\System32\KERNELBASE.dll
0x00007ffc91810000 - 0x00007ffc91910000 	C:\Windows\System32\ucrtbase.dll
0x00007ffc6a7e0000 - 0x00007ffc6a7fa000 	C:\Program Files\Java\jdk-17.0.1\bin\VCRUNTIME140.dll
0x00007ffc6b3d0000 - 0x00007ffc6b3e8000 	C:\Program Files\Java\jdk-17.0.1\bin\jli.dll
0x00007ffc92990000 - 0x00007ffc92a3e000 	C:\Windows\System32\ADVAPI32.dll
0x00007ffc93470000 - 0x00007ffc9350e000 	C:\Windows\System32\msvcrt.dll
0x00007ffc93740000 - 0x00007ffc937dc000 	C:\Windows\System32\sechost.dll
0x00007ffc91a20000 - 0x00007ffc91b44000 	C:\Windows\System32\RPCRT4.dll
0x00007ffc92090000 - 0x00007ffc92231000 	C:\Windows\System32\USER32.dll
0x00007ffc70550000 - 0x00007ffc707ea000 	C:\Windows\WinSxS\amd64_microsoft.windows.common-controls_6595b64144ccf1df_6.0.19041.1110_none_60b5254171f9507e\COMCTL32.dll
0x00007ffc91740000 - 0x00007ffc91762000 	C:\Windows\System32\win32u.dll
0x00007ffc92b20000 - 0x00007ffc92b4b000 	C:\Windows\System32\GDI32.dll
0x00007ffc91910000 - 0x00007ffc91a1f000 	C:\Windows\System32\gdi32full.dll
0x00007ffc91770000 - 0x00007ffc9180d000 	C:\Windows\System32\msvcp_win.dll
0x00007ffc88330000 - 0x00007ffc8833a000 	C:\Windows\SYSTEM32\VERSION.dll
0x00007ffc92a40000 - 0x00007ffc92a70000 	C:\Windows\System32\IMM32.DLL
0x00007ffc6e1e0000 - 0x00007ffc6e1ec000 	C:\Program Files\Java\jdk-17.0.1\bin\vcruntime140_1.dll
0x00007ffc593a0000 - 0x00007ffc5942d000 	C:\Program Files\Java\jdk-17.0.1\bin\msvcp140.dll
0x00007ffc08c30000 - 0x00007ffc097ee000 	C:\Program Files\Java\jdk-17.0.1\bin\server\jvm.dll
0x00007ffc93730000 - 0x00007ffc93738000 	C:\Windows\System32\PSAPI.DLL
0x00007ffc77940000 - 0x00007ffc77967000 	C:\Windows\SYSTEM32\WINMM.dll
0x00007ffc71b70000 - 0x00007ffc71b79000 	C:\Windows\SYSTEM32\WSOCK32.dll
0x00007ffc93920000 - 0x00007ffc9398b000 	C:\Windows\System32\WS2_32.dll
0x00007ffc8ef70000 - 0x00007ffc8ef82000 	C:\Windows\SYSTEM32\kernel.appcore.dll
0x00007ffc6e170000 - 0x00007ffc6e17a000 	C:\Program Files\Java\jdk-17.0.1\bin\jimage.dll
0x00007ffc8c860000 - 0x00007ffc8ca44000 	C:\Windows\SYSTEM32\DBGHELP.DLL
0x00007ffc75b60000 - 0x00007ffc75b95000 	C:\Windows\SYSTEM32\dbgcore.DLL
0x00007ffc912f0000 - 0x00007ffc91372000 	C:\Windows\System32\bcryptPrimitives.dll
0x00007ffc68720000 - 0x00007ffc68745000 	C:\Program Files\Java\jdk-17.0.1\bin\java.dll
0x00007ffc43400000 - 0x00007ffc434d6000 	C:\Program Files\Java\jdk-17.0.1\bin\svml.dll
0x00007ffc92240000 - 0x00007ffc92985000 	C:\Windows\System32\SHELL32.dll
0x00007ffc8f190000 - 0x00007ffc8f922000 	C:\Windows\SYSTEM32\windows.storage.dll
0x00007ffc930f0000 - 0x00007ffc93445000 	C:\Windows\System32\combase.dll
0x00007ffc90b30000 - 0x00007ffc90b60000 	C:\Windows\SYSTEM32\Wldp.dll
0x00007ffc93510000 - 0x00007ffc935bd000 	C:\Windows\System32\SHCORE.dll
0x00007ffc91c70000 - 0x00007ffc91cc5000 	C:\Windows\System32\shlwapi.dll
0x00007ffc91010000 - 0x00007ffc9102f000 	C:\Windows\SYSTEM32\profapi.dll
0x00007ffc450a0000 - 0x00007ffc4522f000 	C:\Program Files\Java\jdk-17.0.1\bin\awt.dll
0x00007ffc91cd0000 - 0x00007ffc91d9d000 	C:\Windows\System32\OLEAUT32.dll
0x00007ffc8e8a0000 - 0x00007ffc8e930000 	C:\Windows\SYSTEM32\apphelp.dll
0x00007ffc8eba0000 - 0x00007ffc8ebcf000 	C:\Windows\system32\DWMAPI.DLL
0x00007ffc8ea20000 - 0x00007ffc8eabe000 	C:\Windows\system32\uxtheme.dll
0x00007ffc4a230000 - 0x00007ffc4a355000 	C:\Windows\system32\opengl32.dll
0x00007ffc4a200000 - 0x00007ffc4a22c000 	C:\Windows\SYSTEM32\GLU32.dll
0x00007ffc91b50000 - 0x00007ffc91c64000 	C:\Windows\System32\MSCTF.dll
0x00007ffc92b50000 - 0x00007ffc92c7a000 	C:\Windows\System32\ole32.dll
0x00007ffc5bd10000 - 0x00007ffc5bd99000 	C:\Program Files\Java\jdk-17.0.1\bin\freetype.dll
0x00007ffc588a0000 - 0x00007ffc58948000 	C:\Program Files\Java\jdk-17.0.1\bin\fontmanager.dll
0x00007ffc6a510000 - 0x00007ffc6a529000 	C:\Program Files\Java\jdk-17.0.1\bin\net.dll
0x00007ffc8b5a0000 - 0x00007ffc8b6aa000 	C:\Windows\SYSTEM32\WINHTTP.dll
0x00007ffc90890000 - 0x00007ffc908fa000 	C:\Windows\system32\mswsock.dll
0x00007ffc683e0000 - 0x00007ffc683f5000 	C:\Program Files\Java\jdk-17.0.1\bin\nio.dll
0x00007ffc6bfd0000 - 0x00007ffc6c0c9000 	C:\Windows\SYSTEM32\textinputframework.dll
0x00007ffc8e670000 - 0x00007ffc8e762000 	C:\Windows\System32\CoreMessaging.dll
0x00007ffc8df90000 - 0x00007ffc8e2ee000 	C:\Windows\System32\CoreUIComponents.dll
0x00007ffc8cfb0000 - 0x00007ffc8d104000 	C:\Windows\SYSTEM32\wintypes.dll
0x00007ffc90280000 - 0x00007ffc902b3000 	C:\Windows\SYSTEM32\ntmarta.dll
0x00007ffc5e000000 - 0x00007ffc5e018000 	C:\Program Files\Java\jdk-17.0.1\bin\zip.dll

dbghelp: loaded successfully - version: 4.0.5 - missing functions: none
symbol engine: initialized successfully - sym options: 0x614 - pdb path: .;C:\Program Files\Java\jdk-17.0.1\bin;C:\Windows\SYSTEM32;C:\Windows\WinSxS\amd64_microsoft.windows.common-controls_6595b64144ccf1df_6.0.19041.1110_none_60b5254171f9507e;C:\Program Files\Java\jdk-17.0.1\bin\server

VM Arguments:
jvm_args: -XX:+ShowCodeDetailsInExceptionMessages 
java_command: BuzzerBeater.Main
java_class_path (initial): C:\Users\Tarun Naveen\AppData\Roaming\Code\User\workspaceStorage\6b0d74e5c39891107802a9804d2d9b8e\redhat.java\jdt_ws\AdvTopicsFinal_TarunNaveen_6af87d43\bin
Launcher Type: SUN_STANDARD

[Global flags]
     intx CICompilerCount                          = 4                                         {product} {ergonomic}
     uint ConcGCThreads                            = 2                                         {product} {ergonomic}
     uint G1ConcRefinementThreads                  = 8                                         {product} {ergonomic}
   size_t G1HeapRegionSize                         = 2097152                                   {product} {ergonomic}
    uintx GCDrainStackTargetSize                   = 64                                        {product} {ergonomic}
   size_t InitialHeapSize                          = 266338304                                 {product} {ergonomic}
   size_t MarkStackSize                            = 4194304                                   {product} {ergonomic}
   size_t MaxHeapSize                              = 4238344192                                {product} {ergonomic}
   size_t MaxNewSize                               = 2541748224                                {product} {ergonomic}
   size_t MinHeapDeltaBytes                        = 2097152                                   {product} {ergonomic}
   size_t MinHeapSize                              = 8388608                                   {product} {ergonomic}
    uintx NonNMethodCodeHeapSize                   = 5839372                                {pd product} {ergonomic}
    uintx NonProfiledCodeHeapSize                  = 122909434                              {pd product} {ergonomic}
    uintx ProfiledCodeHeapSize                     = 122909434                              {pd product} {ergonomic}
    uintx ReservedCodeCacheSize                    = 251658240                              {pd product} {ergonomic}
     bool SegmentedCodeCache                       = true                                      {product} {ergonomic}
     bool ShowCodeDetailsInExceptionMessages       = true                                   {manageable} {command line}
   size_t SoftMaxHeapSize                          = 4238344192                             {manageable} {ergonomic}
     bool UseCompressedClassPointers               = true                           {product lp64_product} {ergonomic}
     bool UseCompressedOops                        = true                           {product lp64_product} {ergonomic}
     bool UseG1GC                                  = true                                      {product} {ergonomic}
     bool UseLargePagesIndividualAllocation        = false                                  {pd product} {ergonomic}

Logging:
Log output configuration:
 #0: stdout all=warning uptime,level,tags
 #1: stderr all=off uptime,level,tags

Environment Variables:
PATH=C:\Python310\Scripts\;C:\Python310\;C:\Program Files\PlasticSCM5\server;C:\Program Files\PlasticSCM5\client;C:\Program Files\Common Files\Oracle\Java\javapath;C:\Windows\system32;C:\Windows;C:\Windows\System32\Wbem;C:\Windows\System32\WindowsPowerShell\v1.0\;C:\Windows\System32\OpenSSH\;C:\Program Files\Git\cmd;C:\Program Files (x86)\IncrediBuild;C:\Program Files\GitHub CLI\;C:\Users\Tarun Naveen\Documents\node.js\;C:\ProgramData\chocolatey\bin;C:\Users\Tarun Naveen\Documents\node.js;C:\Users\Tarun Naveen\AppData\Roaming\npm;C:\Users\Tarun Naveen\Downloads\firebase-tools-instant-win.exe;C:\ProgramData\chocolatey;C:\Users\Tarun Naveen\AppData\Local\Pub\Cache\bin;C:\Users\Tarun Naveen\AppData\Local\Programs\Microsoft VS Code\bin;C:\Users\Tarun Naveen\flutter\bin;C:\Users\Tarun Naveen\Downloads\firebase-tools-instant-win.exe;C:\Users\Tarun Naveen\AppData\Roaming\npm;
USERNAME=Tarun Naveen
LANG=en_US.UTF-8
OS=Windows_NT
PROCESSOR_IDENTIFIER=Intel64 Family 6 Model 140 Stepping 1, GenuineIntel



---------------  S Y S T E M  ---------------

OS:
 Windows 10 , 64 bit Build 19041 (10.0.19041.2546)
OS uptime: 13 days 15:45 hours

CPU: total 8 (initial active 8) (4 cores per cpu, 2 threads per core) family 6 model 140 stepping 1 microcode 0x8a, cx8, cmov, fxsr, ht, mmx, 3dnowpref, sse, sse2, sse3, ssse3, sse4.1, sse4.2, popcnt, lzcnt, tsc, tscinvbit, avx, avx2, aes, erms, clmul, bmi1, bmi2, adx, avx512f, avx512dq, avx512cd, avx512bw, avx512vl, sha, fma, vzeroupper, avx512_vpopcntdq, avx512_vpclmulqdq, avx512_vaes, avx512_vnni, clflush, clflushopt, clwb, avx512_vbmi2, avx512_vbmi

Memory: 4k page, system-wide physical 16167M (695M free)
TotalPageFile size 65319M (AvailPageFile size 0M)
current process WorkingSet (physical memory assigned to process): 452M, peak: 481M
current process commit charge ("private bytes"): 628M, peak: 660M

vm_info: Java HotSpot(TM) 64-Bit Server VM (17.0.1+12-LTS-39) for windows-amd64 JRE (17.0.1+12-LTS-39), built on Sep 27 2021 18:41:35 by "mach5one" with MS VC++ 16.8 (VS2019)

END.
